<?xml version="1.0" encoding="UTF-8"?>
<!-- Generated by org.testng.reporters.JUnitReportReporter -->
<testsuite hostname="IN-RintuGeorge-DL5440" failures="0" tests="3" name="com.CRM.qa.testcases.LoginPagetest" time="19.224" errors="0" timestamp="2025-06-14T21:01:22 IST" skipped="0">
  <testcase classname="com.CRM.qa.testcases.LoginPagetest" name="VerifyTitle" time="6.032"/>
  <testcase classname="com.CRM.qa.testcases.LoginPagetest" name="getTitle" time="6.920"/>
  <testcase classname="com.CRM.qa.testcases.LoginPagetest" name="Logintest" time="6.272"/>
</testsuite> <!-- com.CRM.qa.testcases.LoginPagetest -->
