<?xml version="1.0" encoding="UTF-8"?>
<!-- Generated by org.testng.reporters.JUnitReportReporter -->
<testsuite hostname="IN-RintuGeorge-DL5440" failures="0" tests="2" name="ParalletTestTestNG.TestNGParallelTesting" time="0.003" errors="0" timestamp="2025-06-19T15:57:09 IST" skipped="0">
  <testcase classname="ParalletTestTestNG.TestNGParallelTesting" name="Test1" time="0.002"/>
  <testcase classname="ParalletTestTestNG.TestNGParallelTesting" name="Test2" time="0.001"/>
</testsuite> <!-- ParalletTestTestNG.TestNGParallelTesting -->
